<html>
<body>
<pre>
<h1>µVision Build Log</h1>
<h2>Tool Versions:</h2>
IDE-Version: µVision V5.11.2.0
Copyright (C) 2014 ARM Ltd and ARM Germany GmbH. All rights reserved.
License Information: Connor Walsh, Missouri University of Science and Technology, LIC=----
 
Tool Versions:
Toolchain:       PK51 Prof. Develpers Kit  Version: 9.53.0.0
Toolchain Path:  C:\Keil_v5\C51\BIN
C Compiler:      C51.exe V9.53.0.0
Assembler:       A51.exe V8.02b
Linker/Locator:  BL51.exe V6.22
Library Manager: LIB51.exe V4.30.0.2
Hex Converter:   OH51.exe V2.7.0.0
CPU DLL:         S8051.DLL V3.95.0.0
Dialog DLL:      DP51.DLL V2.62.0.1 
<h2>Project:</h2>
C:\Users\Connore\Documents\Rolla\Fall 2014\CpE 213\CpEProject2\Project2.uvproj
Project File Date:  12/06/2014

<h2>Output:</h2>
Build target 'Target 1'
compiling main.c...
linking...
*** WARNING L16: UNCALLED SEGMENT, IGNORED FOR OVERLAY PROCESS
    SEGMENT: ?PR?_UART_TRANSMIT?UART
*** WARNING L16: UNCALLED SEGMENT, IGNORED FOR OVERLAY PROCESS
    SEGMENT: ?PR?UART_GET?UART
Program Size: data=38.3 xdata=0 code=806
creating hex file from "Project2"...
"Project2" - 0 Error(s), 2 Warning(s).
2: 'looping': not in formal parameter list
main.c(45): error C132: 'timer1_tone': not in formal parameter list
main.c(45): error C141: syntax error near 'interrupt'
main.c(47): error C136: 'TH1': 'void' on variable
main.c(47): error C244: 'TH1': can't initialize, bad type or class
main.c(47): error C136: 'TH1': 'void' on variable
main.c(47): error C132: 'TH1': not in formal parameter list
main.c(48): error C244: 'TL1': can't initialize, bad type or class
main.c(48): error C132: 'TL1': not in formal parameter list
main.c(49): error C244: 'speaker': can't initialize, bad type or class
main.c(49): error C132: 'speaker': not in formal parameter list
main.c(50): error C141: syntax error near '}'
main.c(65): error C202: 'looping': undefined identifier
main.c(161): error C202: 'looping': undefined identifier
Target not created.
02: 'looping': undefined identifier
main.c(164): error C202: 'looping': undefined identifier
Target not created.
ter list
main.c(51): error C141: syntax error near '}'
main.c(66): error C202: 'looping': undefined identifier
main.c(165): error C202: 'looping': undefined identifier
Target not created.
